mode: set
github.com/gdalelio/bookings/cmd/web/main.go:24.13,26.18 2 0
github.com/gdalelio/bookings/cmd/web/main.go:26.18,28.3 1 0
github.com/gdalelio/bookings/cmd/web/main.go:30.2,39.16 4 0
github.com/gdalelio/bookings/cmd/web/main.go:39.16,41.3 1 0
github.com/gdalelio/bookings/cmd/web/main.go:46.18,66.16 10 1
github.com/gdalelio/bookings/cmd/web/main.go:66.16,69.3 2 0
github.com/gdalelio/bookings/cmd/web/main.go:71.2,80.12 6 1
github.com/gdalelio/bookings/cmd/web/middleware.go:10.45,19.2 3 1
github.com/gdalelio/bookings/cmd/web/middleware.go:22.50,24.2 1 1
github.com/gdalelio/bookings/cmd/web/routes.go:12.49,40.2 18 1
