mode: set
github.com/gdalelio/bookings/internal/render/render.go:23.40,25.2 1 1
github.com/gdalelio/bookings/internal/render/render.go:28.94,34.2 5 1
github.com/gdalelio/bookings/internal/render/render.go:37.109,40.18 2 0
github.com/gdalelio/bookings/internal/render/render.go:40.18,43.3 1 0
github.com/gdalelio/bookings/internal/render/render.go:43.8,45.3 1 0
github.com/gdalelio/bookings/internal/render/render.go:47.2,48.9 2 0
github.com/gdalelio/bookings/internal/render/render.go:48.9,50.3 1 0
github.com/gdalelio/bookings/internal/render/render.go:52.2,60.16 5 0
github.com/gdalelio/bookings/internal/render/render.go:60.16,62.3 1 0
github.com/gdalelio/bookings/internal/render/render.go:65.67,74.16 3 1
github.com/gdalelio/bookings/internal/render/render.go:74.16,76.3 1 0
github.com/gdalelio/bookings/internal/render/render.go:78.2,78.29 1 1
github.com/gdalelio/bookings/internal/render/render.go:78.29,82.17 3 1
github.com/gdalelio/bookings/internal/render/render.go:82.17,84.4 1 0
github.com/gdalelio/bookings/internal/render/render.go:86.3,87.17 2 1
github.com/gdalelio/bookings/internal/render/render.go:87.17,89.4 1 0
github.com/gdalelio/bookings/internal/render/render.go:91.3,91.23 1 1
github.com/gdalelio/bookings/internal/render/render.go:91.23,93.18 2 1
github.com/gdalelio/bookings/internal/render/render.go:93.18,95.5 1 0
github.com/gdalelio/bookings/internal/render/render.go:99.3,99.30 1 1
github.com/gdalelio/bookings/internal/render/render.go:103.2,103.21 1 1
