mode: set
github.com/gdalelio/bookings/internal/forms/errors.go:7.44,9.2 1 1
github.com/gdalelio/bookings/internal/forms/errors.go:13.42,15.27 2 0
github.com/gdalelio/bookings/internal/forms/errors.go:15.27,17.3 1 0
github.com/gdalelio/bookings/internal/forms/errors.go:18.1,18.22 1 0
github.com/gdalelio/bookings/internal/forms/forms.go:24.29,26.2 1 1
github.com/gdalelio/bookings/internal/forms/forms.go:29.33,35.2 1 1
github.com/gdalelio/bookings/internal/forms/forms.go:38.43,39.31 1 1
github.com/gdalelio/bookings/internal/forms/forms.go:39.31,42.37 2 1
github.com/gdalelio/bookings/internal/forms/forms.go:42.37,44.4 1 1
github.com/gdalelio/bookings/internal/forms/forms.go:49.39,51.13 2 1
github.com/gdalelio/bookings/internal/forms/forms.go:51.13,53.3 1 1
github.com/gdalelio/bookings/internal/forms/forms.go:54.2,54.13 1 1
github.com/gdalelio/bookings/internal/forms/forms.go:58.57,61.21 2 1
github.com/gdalelio/bookings/internal/forms/forms.go:61.21,64.3 2 1
github.com/gdalelio/bookings/internal/forms/forms.go:65.2,65.13 1 1
github.com/gdalelio/bookings/internal/forms/forms.go:69.38,70.40 1 1
github.com/gdalelio/bookings/internal/forms/forms.go:70.40,72.3 1 1
github.com/gdalelio/bookings/internal/forms/forms.go:75.43,86.24 6 1
github.com/gdalelio/bookings/internal/forms/forms.go:86.24,89.3 2 1
github.com/gdalelio/bookings/internal/forms/forms.go:89.8,93.13 2 1
github.com/gdalelio/bookings/internal/forms/forms.go:93.13,96.4 2 0
github.com/gdalelio/bookings/internal/forms/forms.go:100.2,100.13 1 1
